<?xml version="1.0" encoding="UTF-8"?>
<testng-results ignored="0" total="1" passed="0" failed="1" skipped="0">
  <reporter-output>
  </reporter-output>
  <suite started-at="2020-08-25T19:24:19 ART" name="Default suite" finished-at="2020-08-25T19:24:33 ART" duration-ms="14542">
    <groups>
    </groups>
    <test started-at="2020-08-25T19:24:19 ART" name="Default test" finished-at="2020-08-25T19:24:33 ART" duration-ms="14542">
      <class name="com.rokolabs.bande.test.BandeLoginTestNG2">
        <test-method is-config="true" signature="setUp()[pri:0, instance:com.rokolabs.bande.test.BandeLoginTestNG2@366647c2]" started-at="2020-08-25T19:24:19 ART" name="setUp" finished-at="2020-08-25T19:24:19 ART" duration-ms="306" status="PASS">
          <reporter-output>
          </reporter-output>
        </test-method> <!-- setUp -->
        <test-method is-config="true" signature="setUpTest()[pri:0, instance:com.rokolabs.bande.test.BandeLoginTestNG2@366647c2]" started-at="2020-08-25T19:24:19 ART" name="setUpTest" finished-at="2020-08-25T19:24:25 ART" duration-ms="6278" status="PASS">
          <reporter-output>
          </reporter-output>
        </test-method> <!-- setUpTest -->
        <test-method signature="valid_user_login()[pri:0, instance:com.rokolabs.bande.test.BandeLoginTestNG2@366647c2]" started-at="2020-08-25T19:24:25 ART" name="valid_user_login" finished-at="2020-08-25T19:24:32 ART" duration-ms="7233" status="FAIL">
          <exception class="java.lang.IllegalMonitorStateException">
            <full-stacktrace>
              <![CDATA[java.lang.IllegalMonitorStateException
at java.base/java.lang.Object.wait(Native Method)
at com.rokolabs.bande.test.BandeLoginTestNG2.valid_user_login(BandeLoginTestNG2.java:69)
at java.base/jdk.internal.reflect.NativeMethodAccessorImpl.invoke0(Native Method)
at java.base/jdk.internal.reflect.NativeMethodAccessorImpl.invoke(NativeMethodAccessorImpl.java:62)
at java.base/jdk.internal.reflect.DelegatingMethodAccessorImpl.invoke(DelegatingMethodAccessorImpl.java:43)
at java.base/java.lang.reflect.Method.invoke(Method.java:566)
at org.testng.internal.MethodInvocationHelper.invokeMethod(MethodInvocationHelper.java:132)
at org.testng.internal.TestInvoker.invokeMethod(TestInvoker.java:599)
at org.testng.internal.TestInvoker.invokeTestMethod(TestInvoker.java:174)
at org.testng.internal.MethodRunner.runInSequence(MethodRunner.java:46)
at org.testng.internal.TestInvoker$MethodInvocationAgent.invoke(TestInvoker.java:822)
at org.testng.internal.TestInvoker.invokeTestMethods(TestInvoker.java:147)
at org.testng.internal.TestMethodWorker.invokeTestMethods(TestMethodWorker.java:146)
at org.testng.internal.TestMethodWorker.run(TestMethodWorker.java:128)
at java.base/java.util.ArrayList.forEach(ArrayList.java:1540)
at org.testng.TestRunner.privateRun(TestRunner.java:764)
at org.testng.TestRunner.run(TestRunner.java:585)
at org.testng.SuiteRunner.runTest(SuiteRunner.java:384)
at org.testng.SuiteRunner.runSequentially(SuiteRunner.java:378)
at org.testng.SuiteRunner.privateRun(SuiteRunner.java:337)
at org.testng.SuiteRunner.run(SuiteRunner.java:286)
at org.testng.SuiteRunnerWorker.runSuite(SuiteRunnerWorker.java:53)
at org.testng.SuiteRunnerWorker.run(SuiteRunnerWorker.java:96)
at org.testng.TestNG.runSuitesSequentially(TestNG.java:1218)
at org.testng.TestNG.runSuitesLocally(TestNG.java:1140)
at org.testng.TestNG.runSuites(TestNG.java:1069)
at org.testng.TestNG.run(TestNG.java:1037)
at org.testng.remote.AbstractRemoteTestNG.run(AbstractRemoteTestNG.java:115)
at org.testng.remote.RemoteTestNG.initAndRun(RemoteTestNG.java:251)
at org.testng.remote.RemoteTestNG.main(RemoteTestNG.java:77)
]]>
            </full-stacktrace>
          </exception> <!-- java.lang.IllegalMonitorStateException -->
          <reporter-output>
          </reporter-output>
        </test-method> <!-- valid_user_login -->
        <test-method is-config="true" signature="tearDownTest()[pri:0, instance:com.rokolabs.bande.test.BandeLoginTestNG2@366647c2]" started-at="2020-08-25T19:24:32 ART" name="tearDownTest" finished-at="2020-08-25T19:24:33 ART" duration-ms="934" status="PASS">
          <reporter-output>
          </reporter-output>
        </test-method> <!-- tearDownTest -->
        <test-method is-config="true" signature="tearDown()[pri:0, instance:com.rokolabs.bande.test.BandeLoginTestNG2@366647c2]" started-at="2020-08-25T19:24:33 ART" name="tearDown" finished-at="2020-08-25T19:24:34 ART" duration-ms="583" status="PASS">
          <reporter-output>
          </reporter-output>
        </test-method> <!-- tearDown -->
      </class> <!-- com.rokolabs.bande.test.BandeLoginTestNG2 -->
    </test> <!-- Default test -->
  </suite> <!-- Default suite -->
</testng-results>
